<?xml version="1.0" encoding="UTF-8"?>
<testsuite xmlns:xsi="http://www.w3.org/2001/XMLSchema-instance" xsi:noNamespaceSchemaLocation="https://maven.apache.org/surefire/maven-surefire-plugin/xsd/surefire-test-report.xsd" name="com.example.AppTest" time="0.027" tests="1" errors="0" skipped="0" failures="0">
  <properties>
    <property name="java.specification.version" value="21"/>
    <property name="sun.cpu.isalist" value="amd64"/>
    <property name="sun.jnu.encoding" value="Cp1252"/>
    <property name="java.class.path" value="C:\xampp\htdocs\L3\S2\qualite_logiciel\exo_test\demo\target\test-classes;C:\xampp\htdocs\L3\S2\qualite_logiciel\exo_test\demo\target\classes;C:\Users\matth\.m2\repository\junit\junit\4.11\junit-4.11.jar;C:\Users\matth\.m2\repository\org\hamcrest\hamcrest-core\1.3\hamcrest-core-1.3.jar;"/>
    <property name="java.vm.vendor" value="Eclipse Adoptium"/>
    <property name="sun.arch.data.model" value="64"/>
    <property name="user.variant" value=""/>
    <property name="java.vendor.url" value="https://adoptium.net/"/>
    <property name="user.timezone" value="Europe/Paris"/>
    <property name="os.name" value="Windows 11"/>
    <property name="java.vm.specification.version" value="21"/>
    <property name="sun.java.launcher" value="SUN_STANDARD"/>
    <property name="user.country" value="FR"/>
    <property name="sun.boot.library.path" value="C:\Program Files\Eclipse Adoptium\jdk-21.0.2.13-hotspot\bin"/>
    <property name="sun.java.command" value="C:\Users\matth\AppData\Local\Temp\surefire495648674400074004\surefirebooter4217048484588954063.jar C:\Users\matth\AppData\Local\Temp\surefire495648674400074004 2024-03-21T11-44-09_070-jvmRun1 surefire18052640025680372345tmp surefire_014442589140496780998tmp"/>
    <property name="jdk.debug" value="release"/>
    <property name="surefire.test.class.path" value="C:\xampp\htdocs\L3\S2\qualite_logiciel\exo_test\demo\target\test-classes;C:\xampp\htdocs\L3\S2\qualite_logiciel\exo_test\demo\target\classes;C:\Users\matth\.m2\repository\junit\junit\4.11\junit-4.11.jar;C:\Users\matth\.m2\repository\org\hamcrest\hamcrest-core\1.3\hamcrest-core-1.3.jar;"/>
    <property name="sun.cpu.endian" value="little"/>
    <property name="user.home" value="C:\Users\matth"/>
    <property name="user.language" value="fr"/>
    <property name="java.specification.vendor" value="Oracle Corporation"/>
    <property name="java.version.date" value="2024-01-16"/>
    <property name="java.home" value="C:\Program Files\Eclipse Adoptium\jdk-21.0.2.13-hotspot"/>
    <property name="file.separator" value="\"/>
    <property name="basedir" value="C:\xampp\htdocs\L3\S2\qualite_logiciel\exo_test\demo"/>
    <property name="java.vm.compressedOopsMode" value="Zero based"/>
    <property name="line.separator" value="&#10;"/>
    <property name="java.vm.specification.vendor" value="Oracle Corporation"/>
    <property name="java.specification.name" value="Java Platform API Specification"/>
    <property name="surefire.real.class.path" value="C:\Users\matth\AppData\Local\Temp\surefire495648674400074004\surefirebooter4217048484588954063.jar"/>
    <property name="user.script" value=""/>
    <property name="sun.management.compiler" value="HotSpot 64-Bit Tiered Compilers"/>
    <property name="java.runtime.version" value="21.0.2+13-LTS"/>
    <property name="user.name" value="matth"/>
    <property name="stdout.encoding" value="Cp1252"/>
    <property name="path.separator" value=";"/>
    <property name="os.version" value="10.0"/>
    <property name="java.runtime.name" value="OpenJDK Runtime Environment"/>
    <property name="file.encoding" value="UTF-8"/>
    <property name="java.vm.name" value="OpenJDK 64-Bit Server VM"/>
    <property name="java.vendor.version" value="Temurin-21.0.2+13"/>
    <property name="localRepository" value="C:\Users\matth\.m2\repository"/>
    <property name="java.vendor.url.bug" value="https://github.com/adoptium/adoptium-support/issues"/>
    <property name="java.io.tmpdir" value="C:\Users\matth\AppData\Local\Temp\"/>
    <property name="java.version" value="21.0.2"/>
    <property name="user.dir" value="C:\xampp\htdocs\L3\S2\qualite_logiciel\exo_test\demo"/>
    <property name="os.arch" value="amd64"/>
    <property name="java.vm.specification.name" value="Java Virtual Machine Specification"/>
    <property name="sun.os.patch.level" value=""/>
    <property name="native.encoding" value="Cp1252"/>
    <property name="java.library.path" value="C:\Program Files\Eclipse Adoptium\jdk-21.0.2.13-hotspot\bin;C:\Windows\Sun\Java\bin;C:\Windows\system32;C:\Windows;C:\ghcup\ghc\9.4.8\bin;C:\msys64\mingw64\bin;C:\Windows\System32;C:\Program Files\Eclipse Adoptium\jdk-21.0.2.13-hotspot\;C:\Users\matth\apache-maven-3.9.6\bin;C:\Program Files\Git\mingw64\bin;C:\Program Files (x86)\GnuWin32\bin;C:\Program Files\nodejs\;C:\Users\matth\AppData\Local\Microsoft\WindowsApps;C:\Users\matth\AppData\Local\Programs\Microsoft VS Code\bin;C:\Users\matth\AppData\Roaming\Microsoft\Windows\Start Menu\Programs\Python 3.11;C:\ghcup\bin;C:\Users\matth\AppData\Local\JetBrains\Toolbox\scripts;C:\Users\matth\AppData\Roaming\npm;."/>
    <property name="java.vm.info" value="mixed mode, sharing"/>
    <property name="stderr.encoding" value="Cp1252"/>
    <property name="java.vendor" value="Eclipse Adoptium"/>
    <property name="java.vm.version" value="21.0.2+13-LTS"/>
    <property name="sun.io.unicode.encoding" value="UnicodeLittle"/>
    <property name="java.class.version" value="65.0"/>
  </properties>
  <testcase name="shouldAnswerWithTrue" classname="com.example.AppTest" time="0.002"/>
</testsuite>